<?xml version="1.0" encoding="UTF-8"?>
<!-- Generated by org.testng.reporters.JUnitReportReporter -->
<testsuite hostname="mhakim" failures="0" tests="1" name="testCases.Login" time="14.544" errors="0" timestamp="2024-05-06T15:58:15 EEST" skipped="0">
  <testcase classname="testCases.Login" name="Login" time="14.544"/>
  <system-out/>
</testsuite> <!-- testCases.Login -->
